<?xml version="1.0" encoding="UTF-8"?>
<robot generator="Robot 7.0 (Python 3.12.1 on win32)" generated="2024-01-13T11:02:46.885013" rpa="false" schemaversion="5">
<suite id="s1" name="Preenchimento Incorreto" source="c:\Workspace\curso-robot\testes\preenchimento_incorreto.robot">
<test id="s1-t1" name="Verificar se quando um campo obrigatório não for preenchido corretamente o sistema exibe uma mensagem de campo obrigatório" line="11">
<kw name="Dado que eu acesso o Organo" owner="setup_teardown" type="SETUP">
<kw name="Open Browser" owner="SeleniumLibrary">
<msg time="2024-01-13T11:02:47.407123" level="INFO">Opening browser 'Chrome' to base url 'http://localhost:3000/'.</msg>
<arg>url=http://localhost:3000/</arg>
<arg>browser=Chrome</arg>
<doc>Opens a new browser instance to the optional ``url``.</doc>
<status status="PASS" start="2024-01-13T11:02:47.407123" elapsed="1.739880"/>
</kw>
<status status="PASS" start="2024-01-13T11:02:47.406125" elapsed="1.740878"/>
</kw>
<kw name="Dado que eu clique no botão criar card" owner="cadastro">
<kw name="Click Element" owner="SeleniumLibrary">
<msg time="2024-01-13T11:02:49.149994" level="INFO">Clicking element 'id:form-botao'.</msg>
<arg>${BOTAO_CARD}</arg>
<doc>Click the element identified by ``locator``.</doc>
<status status="PASS" start="2024-01-13T11:02:49.148997" elapsed="0.051372"/>
</kw>
<status status="PASS" start="2024-01-13T11:02:49.148000" elapsed="0.052369"/>
</kw>
<kw name="Então sistema deve apresentar mensagem de campo obrigatório" owner="cadastro">
<kw name="Element Should Be Visible" owner="SeleniumLibrary">
<msg time="2024-01-13T11:02:49.223308" level="INFO">Element 'id:form-nome-erro' is displayed.</msg>
<arg>id:form-nome-erro</arg>
<doc>Verifies that the element identified by ``locator`` is visible.</doc>
<status status="PASS" start="2024-01-13T11:02:49.202364" elapsed="0.021941"/>
</kw>
<kw name="Element Should Be Visible" owner="SeleniumLibrary">
<msg time="2024-01-13T11:02:49.243254" level="INFO">Element 'id:form-cargo-erro' is displayed.</msg>
<arg>id:form-cargo-erro</arg>
<doc>Verifies that the element identified by ``locator`` is visible.</doc>
<status status="PASS" start="2024-01-13T11:02:49.224305" elapsed="0.018949"/>
</kw>
<kw name="Element Should Be Visible" owner="SeleniumLibrary">
<msg time="2024-01-13T11:02:49.259719" level="INFO">Element 'id:form-times-erro' is displayed.</msg>
<arg>id:form-times-erro</arg>
<doc>Verifies that the element identified by ``locator`` is visible.</doc>
<status status="PASS" start="2024-01-13T11:02:49.243254" elapsed="0.016465"/>
</kw>
<status status="PASS" start="2024-01-13T11:02:49.201366" elapsed="0.058353"/>
</kw>
<kw name="Fechar o navegador" owner="setup_teardown" type="TEARDOWN">
<kw name="Close Browser" owner="SeleniumLibrary">
<doc>Closes the current browser.</doc>
<status status="PASS" start="2024-01-13T11:02:49.260717" elapsed="2.073570"/>
</kw>
<status status="PASS" start="2024-01-13T11:02:49.260717" elapsed="2.074568"/>
</kw>
<status status="PASS" start="2024-01-13T11:02:47.405128" elapsed="3.931154"/>
</test>
<status status="PASS" start="2024-01-13T11:02:46.889003" elapsed="4.450273"/>
</suite>
<statistics>
<total>
<stat pass="1" fail="0" skip="0">All Tests</stat>
</total>
<tag>
</tag>
<suite>
<stat pass="1" fail="0" skip="0" id="s1" name="Preenchimento Incorreto">Preenchimento Incorreto</stat>
</suite>
</statistics>
<errors>
</errors>
</robot>
